<?xml version="1.0" encoding="UTF-8"?>
<testng-results ignored="0" total="1" passed="1" failed="0" skipped="0">
  <reporter-output>
  </reporter-output>
  <suite started-at="2021-12-07T23:42:32 IST" name="Default suite" finished-at="2021-12-07T23:43:19 IST" duration-ms="47837">
    <groups>
    </groups>
    <test started-at="2021-12-07T23:42:32 IST" name="Default test" finished-at="2021-12-07T23:43:19 IST" duration-ms="47837">
      <class name="TestCases.UIScenarioTestCase">
        <test-method signature="checkArticle()[pri:0, instance:TestCases.UIScenarioTestCase@56cdfb3b]" started-at="2021-12-07T23:42:32 IST" name="checkArticle" finished-at="2021-12-07T23:43:19 IST" duration-ms="46986" status="PASS">
          <reporter-output>
          </reporter-output>
        </test-method> <!-- checkArticle -->
        <test-method is-config="true" signature="quitDriver()[pri:0, instance:TestCases.UIScenarioTestCase@56cdfb3b]" started-at="2021-12-07T23:43:19 IST" name="quitDriver" finished-at="2021-12-07T23:43:19 IST" duration-ms="801" status="PASS">
          <reporter-output>
          </reporter-output>
        </test-method> <!-- quitDriver -->
      </class> <!-- TestCases.UIScenarioTestCase -->
    </test> <!-- Default test -->
  </suite> <!-- Default suite -->
</testng-results>
